\BOOKMARK [0][-]{chapter.1}{\376\377\000I\000n\000t\000r\000o\000d\000u\000c\000t\000i\000o\000n}{}% 1
\BOOKMARK [1][-]{section.1.1}{\376\377\000I\000n\000t\000r\000o\000d\000u\000c\000t\000i\000o\000n}{chapter.1}% 2
\BOOKMARK [1][-]{section.1.2}{\376\377\000M\000i\000s\000s\000i\000o\000n\000\040\000O\000b\000j\000e\000c\000t\000i\000v\000e\000s}{chapter.1}% 3
\BOOKMARK [1][-]{section.1.3}{\376\377\000O\000r\000b\000i\000t}{chapter.1}% 4
\BOOKMARK [2][-]{subsection.1.3.1}{\376\377\000P\000a\000s\000s\000e\000s}{section.1.3}% 5
\BOOKMARK [1][-]{section.1.4}{\376\377\000C\000o\000d\000e\000s\000\040\000U\000s\000e\000d}{chapter.1}% 6
\BOOKMARK [1][-]{section.1.5}{\376\377\000E\000x\000t\000e\000r\000n\000a\000l\000\040\000r\000e\000p\000o\000s\000i\000t\000o\000r\000i\000e\000s}{chapter.1}% 7
\BOOKMARK [0][-]{chapter.2}{\376\377\000O\000p\000t\000i\000c\000a\000l\000\040\000P\000a\000y\000l\000o\000a\000d}{}% 8
\BOOKMARK [1][-]{section.2.1}{\376\377\000A\000T\000L\000A\000S\000\040\000t\000e\000r\000m\000i\000n\000a\000l}{chapter.2}% 9
\BOOKMARK [1][-]{section.2.2}{\376\377\000M\000i\000s\000a\000l\000i\000g\000n\000m\000e\000n\000t\000s}{chapter.2}% 10
\BOOKMARK [1][-]{section.2.3}{\376\377\000B\000e\000a\000c\000o\000n\000\040\000C\000a\000m\000e\000r\000a\000\040\000P\000r\000o\000p\000e\000r\000t\000i\000e\000s}{chapter.2}% 11
\BOOKMARK [1][-]{section.2.4}{\376\377\000D\000o\000w\000n\000l\000i\000n\000k\000\040\000L\000a\000s\000e\000r\000\040\000P\000r\000o\000p\000e\000r\000t\000i\000e\000s}{chapter.2}% 12
\BOOKMARK [0][-]{chapter.3}{\376\377\000A\000D\000C\000S}{}% 13
\BOOKMARK [1][-]{section.3.1}{\376\377\000I\000n\000t\000r\000o\000d\000u\000c\000t\000i\000o\000n}{chapter.3}% 14
\BOOKMARK [1][-]{section.3.2}{\376\377\000P\000e\000a\000k\000S\000a\000t\000'\000s\000\040\000A\000D\000C\000S}{chapter.3}% 15
\BOOKMARK [1][-]{section.3.3}{\376\377\000A\000D\000C\000S\000\040\000C\000o\000m\000p\000o\000n\000e\000n\000t\000s}{chapter.3}% 16
\BOOKMARK [2][-]{subsection.3.3.1}{\376\377\000A\000c\000t\000u\000a\000t\000o\000r\000s}{section.3.3}% 17
\BOOKMARK [2][-]{subsection.3.3.2}{\376\377\000S\000e\000n\000s\000o\000r\000s}{section.3.3}% 18
\BOOKMARK [2][-]{subsection.3.3.3}{\376\377\000S\000t\000a\000r\000\040\000T\000r\000a\000c\000k\000e\000r}{section.3.3}% 19
\BOOKMARK [1][-]{section.3.4}{\376\377\000A\000D\000C\000S\000\040\000C\000o\000o\000r\000d\000i\000n\000a\000t\000e\000\040\000S\000y\000s\000t\000e\000m\000s}{chapter.3}% 20
\BOOKMARK [2][-]{subsection.3.4.1}{\376\377\000O\000r\000b\000i\000t\000\040\000r\000e\000f\000e\000r\000e\000n\000c\000e\000\040\000c\000o\000o\000r\000d\000i\000n\000a\000t\000e\000\040\000\050\000O\000R\000C\000\051}{section.3.4}% 21
\BOOKMARK [2][-]{subsection.3.4.2}{\376\377\000O\000R\000C\000\040\000t\000o\000\040\000E\000C\000I\000\040\000t\000r\000a\000n\000s\000f\000o\000r\000m\000a\000t\000i\000o\000n}{section.3.4}% 22
\BOOKMARK [2][-]{subsection.3.4.3}{\376\377\000S\000p\000a\000c\000e\000c\000r\000a\000f\000t\000\040\000b\000o\000d\000y\000\040\000c\000o\000o\000r\000d\000i\000n\000a\000t\000e\000s\000\040\000\050\000S\000B\000C\000\051}{section.3.4}% 23
\BOOKMARK [1][-]{section.3.5}{\376\377\000A\000D\000C\000S\000\040\000M\000o\000u\000n\000t\000i\000n\000g\000\040\000C\000o\000n\000f\000i\000g\000u\000r\000a\000t\000i\000o\000n}{chapter.3}% 24
\BOOKMARK [2][-]{subsection.3.5.1}{\376\377\000A\000t\000t\000i\000t\000u\000d\000e\000\040\000O\000r\000i\000e\000n\000t\000a\000t\000i\000o\000n\000\040\000F\000o\000r\000m\000a\000t}{section.3.5}% 25
\BOOKMARK [2][-]{subsection.3.5.2}{\376\377\000S\000B\000C\000\040\000\050\000a\000g\000a\000i\000n\000\051}{section.3.5}% 26
\BOOKMARK [1][-]{section.3.6}{\376\377\000U\000n\000d\000e\000r\000s\000t\000a\000n\000d\000i\000n\000g\000\040\000t\000h\000e\000\040\000E\000s\000t\000i\000m\000a\000t\000e\000d\000\040\000O\000r\000i\000e\000n\000t\000a\000t\000i\000o\000n\000\040\000i\000n\000\040\000p\000r\000a\000c\000t\000i\000c\000e\000.}{chapter.3}% 27
\BOOKMARK [1][-]{section.3.7}{\376\377\000M\000i\000s\000a\000l\000i\000g\000n\000m\000e\000n\000t\000\040\000U\000s\000a\000g\000e}{chapter.3}% 28
\BOOKMARK [2][-]{subsection.3.7.1}{\376\377\000T\000w\000o\000\040\000G\000r\000o\000u\000n\000d\000\040\000T\000r\000a\000c\000k\000i\000n\000g\000\040\000C\000o\000n\000t\000r\000o\000l\000\040\000M\000o\000d\000e\000s}{section.3.7}% 29
\BOOKMARK [2][-]{subsection.3.7.2}{\376\377\000C\000a\000n\000\040\000w\000e\000\040\000T\000r\000u\000s\000t\000\040\000t\000h\000e\000\040\000s\000i\000m\000u\000l\000a\000t\000i\000o\000n\000s\000?}{section.3.7}% 30
\BOOKMARK [0][-]{chapter.4}{\376\377\000M\000i\000s\000a\000l\000i\000g\000n\000m\000e\000n\000t\000\040\000M\000e\000a\000s\000u\000r\000e\000m\000e\000n\000t}{}% 31
\BOOKMARK [1][-]{section.4.1}{\376\377\000I\000n\000t\000r\000o\000d\000u\000c\000t\000i\000o\000n}{chapter.4}% 32
\BOOKMARK [1][-]{section.4.2}{\376\377\000O\000n\000-\000g\000r\000o\000u\000n\000d\000\040\000m\000e\000a\000s\000u\000r\000e\000m\000e\000n\000t\000s}{chapter.4}% 33
\BOOKMARK [2][-]{subsection.4.2.1}{\376\377\000S\000t\000a\000r\000\040\000T\000r\000a\000c\000k\000e\000r\000\040\000w\000i\000t\000h\000\040\000a\000l\000i\000g\000n\000m\000e\000n\000t\000\040\000p\000r\000i\000s\000m}{section.4.2}% 34
\BOOKMARK [2][-]{subsection.4.2.2}{\376\377\000A\000s\000t\000r\000o\000l\000i\000g\000h\000t\000\040\000p\000o\000i\000n\000t\000i\000n\000g\000\040\000m\000a\000p\000s}{section.4.2}% 35
\BOOKMARK [2][-]{subsection.4.2.3}{\376\377\000S\000t\000a\000r\000\040\000T\000r\000a\000c\000k\000e\000r\000\040\000P\000r\000i\000s\000m\000\040\000t\000o\000\040\000B\000e\000a\000c\000o\000n\000\040\000C\000a\000m\000e\000r\000a}{section.4.2}% 36
\BOOKMARK [1][-]{section.4.3}{\376\377\000P\000r\000e\000p\000a\000r\000a\000t\000i\000o\000n\000\040\000o\000f\000\040\000M\000e\000a\000s\000u\000r\000e\000m\000e\000n\000t\000\040\000P\000r\000o\000c\000e\000d\000u\000r\000e\000s}{chapter.4}% 37
\BOOKMARK [2][-]{subsection.4.3.1}{\376\377\000S\000t\000a\000t\000i\000c\000\040\000m\000i\000s\000a\000l\000i\000g\000n\000m\000e\000n\000t\000\040\000t\000a\000r\000g\000e\000t\000s}{section.4.3}% 38
\BOOKMARK [2][-]{subsection.4.3.2}{\376\377\000E\000q\000u\000i\000p\000m\000e\000n\000t}{section.4.3}% 39
\BOOKMARK [2][-]{subsection.4.3.3}{\376\377\000M\000e\000a\000s\000u\000r\000e\000m\000e\000n\000t\000\040\000O\000v\000e\000r\000v\000i\000e\000w}{section.4.3}% 40
\BOOKMARK [2][-]{subsection.4.3.4}{\376\377\000E\000x\000p\000e\000c\000t\000e\000d\000\040\000R\000e\000s\000u\000l\000t\000s}{section.4.3}% 41
\BOOKMARK [2][-]{subsection.4.3.5}{\376\377\000M\000a\000i\000n\000\040\000p\000r\000o\000c\000e\000d\000u\000r\000e\000s}{section.4.3}% 42
\BOOKMARK [2][-]{subsection.4.3.6}{\376\377\000A\000l\000i\000g\000n\000i\000n\000g\000\040\000T\000h\000e\000o\000d\000o\000l\000i\000t\000e\000\040\000w\000i\000t\000h\000\040\000t\000h\000e\000\040\000B\000e\000a\000c\000o\000n\000\040\000C\000a\000m\000e\000r\000a}{section.4.3}% 43
\BOOKMARK [2][-]{subsection.4.3.7}{\376\377\000A\000l\000i\000g\000n\000i\000n\000g\000\040\000t\000h\000e\000o\000d\000o\000l\000i\000t\000e\000\040\000w\000i\000t\000h\000\040\000s\000t\000a\000r\000\040\000t\000r\000a\000c\000k\000e\000r\000\040\000p\000r\000i\000s\000m}{section.4.3}% 44
\BOOKMARK [2][-]{subsection.4.3.8}{\376\377\000A\000u\000t\000o\000-\000r\000e\000f\000e\000r\000r\000i\000n\000g\000\040\000t\000h\000e\000o\000d\000o\000l\000i\000t\000e\000s}{section.4.3}% 45
\BOOKMARK [2][-]{subsection.4.3.9}{\376\377\000P\000r\000o\000p\000a\000g\000a\000t\000i\000o\000n\000\040\000o\000f\000\040\000m\000e\000a\000s\000u\000r\000e\000m\000e\000n\000t\000\040\000u\000n\000c\000e\000r\000t\000a\000i\000n\000t\000i\000e\000s}{section.4.3}% 46
\BOOKMARK [2][-]{subsection.4.3.10}{\376\377\000E\000x\000p\000e\000c\000t\000e\000d\000\040\000M\000e\000a\000s\000u\000r\000e\000m\000e\000n\000t\000\040\000U\000n\000c\000e\000r\000t\000a\000i\000n\000t\000y}{section.4.3}% 47
\BOOKMARK [1][-]{section.4.4}{\376\377\000M\000e\000a\000s\000u\000r\000e\000m\000e\000n\000t\000\040\000a\000t\000\040\000E\000S\000T\000E\000C}{chapter.4}% 48
\BOOKMARK [2][-]{subsection.4.4.1}{\376\377\000P\000r\000e\000-\000V\000i\000b\000e\000\040\000M\000e\000a\000s\000u\000r\000e\000m\000e\000n\000t}{section.4.4}% 49
\BOOKMARK [2][-]{subsection.4.4.2}{\376\377\000P\000o\000s\000t\000-\000V\000i\000b\000e\000\040\000M\000e\000a\000s\000u\000r\000e\000m\000e\000n\000t\000s}{section.4.4}% 50
\BOOKMARK [1][-]{section.4.5}{\376\377\000E\000S\000T\000E\000C\000\040\000r\000e\000s\000u\000l\000t\000s}{chapter.4}% 51
\BOOKMARK [1][-]{section.4.6}{\376\377\000B\000C\000-\000B\000C\000R\000S\000\040\000C\000h\000a\000r\000a\000c\000t\000e\000r\000i\000z\000a\000t\000i\000o\000n}{chapter.4}% 52
\BOOKMARK [2][-]{subsection.4.6.1}{\376\377\000C\000o\000n\000c\000l\000u\000s\000i\000o\000n\000s}{section.4.6}% 53
\BOOKMARK [1][-]{section.4.7}{\376\377\000I\000n\000p\000u\000t\000\040\000t\000o\000\040\000t\000h\000e\000\040\000A\000D\000C\000S}{chapter.4}% 54
\BOOKMARK [0][-]{chapter.5}{\376\377\000C\000o\000n\000c\000l\000u\000s\000i\000o\000n\000s}{}% 55
\BOOKMARK [1][-]{section.5.1}{\376\377\000O\000p\000e\000r\000a\000t\000i\000o\000n\000a\000l\000\040\000S\000c\000e\000n\000a\000r\000i\000o\000s}{chapter.5}% 56
\BOOKMARK [2][-]{subsection.5.1.1}{\376\377\000O\000p\000t\000i\000c\000a\000l\000\040\000P\000a\000s\000s\000\040\000P\000l\000a\000n\000n\000i\000n\000g}{section.5.1}% 57
\BOOKMARK [2][-]{subsection.5.1.2}{\376\377\000O\000p\000t\000i\000c\000a\000l\000\040\000L\000i\000n\000k\000\040\000P\000o\000s\000t\000\040\000P\000r\000o\000c\000e\000s\000s\000i\000n\000g}{section.5.1}% 58
\BOOKMARK [2][-]{subsection.5.1.3}{\376\377\000I\000n\000\040\000o\000r\000b\000i\000t\000\040\000O\000p\000t\000i\000c\000a\000l\000\040\000A\000l\000i\000g\000n\000m\000e\000n\000t\000\040\000\050\000B\000C\000C\000-\000S\000B\000C\000\051}{section.5.1}% 59
\BOOKMARK [1][-]{section.5.2}{\376\377\000C\000o\000n\000c\000l\000u\000s\000i\000o\000n\000s}{chapter.5}% 60
\BOOKMARK [0][-]{appendix.A}{\376\377\0003\000D\000\040\000R\000o\000t\000a\000t\000i\000o\000n\000s}{}% 61
\BOOKMARK [1][-]{section.A.1}{\376\377\000R\000o\000t\000a\000t\000i\000o\000n\000\040\000s\000e\000q\000u\000e\000n\000c\000e\000s}{appendix.A}% 62
\BOOKMARK [1][-]{section.A.2}{\376\377\000R\000o\000t\000a\000t\000i\000o\000n\000\040\000M\000a\000t\000r\000i\000c\000e\000s}{appendix.A}% 63
\BOOKMARK [0][-]{appendix.B}{\376\377\000O\000p\000t\000i\000m\000i\000z\000i\000n\000g\000\040\000A\000c\000c\000e\000s\000s\000\040\000t\000o\000\040\000A\000l\000i\000g\000m\000n\000e\000n\000t\000\040\000P\000r\000i\000s\000m}{}% 64
\BOOKMARK [1][-]{section.B.1}{\376\377\000O\000p\000t\000i\000m\000i\000z\000i\000n\000g\000\040\000A\000c\000c\000e\000s\000s\000\040\000t\000o\000\040\000A\000l\000i\000g\000n\000m\000e\000n\000t\000\040\000p\000r\000i\000s\000m}{appendix.B}% 65
\BOOKMARK [0][-]{appendix.C}{\376\377\000G\000a\000u\000s\000s\000i\000a\000n\000\040\000E\000r\000r\000o\000r\000\040\000P\000r\000o\000p\000a\000g\000a\000t\000i\000o\000n}{}% 66
\BOOKMARK [1][-]{section.C.1}{\376\377\000E\000r\000r\000o\000r\000\040\000p\000r\000o\000p\000a\000g\000a\000t\000i\000o\000n}{appendix.C}% 67
